Using pre-set license
Built from '2020.3/staging' branch; Version is '2020.3.14f1 (d0d1bb862f9d) revision 13685179'; Using compiler version '192528614'; Build Type 'Release'
OS: 'Windows 10 Education; OS build 19043.1288; Version 2009; 64bit' Language: 'en' Physical Memory: 16265 MB
BatchMode: 1, IsHumanControllingUs: 0, StartBugReporterOnCrash: 0, Is64bit: 1, IsPro: 0

 COMMAND LINE ARGUMENTS:
D:\programs\Unity\2020.3.14f1\Editor\Unity.exe
-adb2
-batchMode
-noUpm
-name
AssetImportWorker0
-projectPath
D:/codic/labo/unity/ac
-logFile
Logs/AssetImportWorker0.log
-srvPort
51611
Successfully changed project path to: D:/codic/labo/unity/ac
D:/codic/labo/unity/ac
Using Asset Import Pipeline V2.
Refreshing native plugins compatible for Editor in 50.92 ms, found 6 plugins.
Preloading 1 native plugins for Editor in 0.71 ms.
Initialize engine version: 2020.3.14f1 (d0d1bb862f9d)
[Subsystems] Discovering subsystems at path D:/programs/Unity/2020.3.14f1/Editor/Data/Resources/UnitySubsystems
[Subsystems] Discovering subsystems at path D:/codic/labo/unity/ac/Assets
GfxDevice: creating device client; threaded=0
Direct3D:
    Version:  Direct3D 11.0 [level 11.1]
    Renderer: NVIDIA GeForce RTX 3060 Ti (ID=0x2486)
    Vendor:   
    VRAM:     8050 MB
    Driver:   30.0.14.9613
Shader 'Oculus/OVRMRCameraFrameLit': fallback shader 'Alpha-Diffuse' not found
Initialize mono
Mono path[0] = 'D:/programs/Unity/2020.3.14f1/Editor/Data/Managed'
Mono path[1] = 'D:/programs/Unity/2020.3.14f1/Editor/Data/MonoBleedingEdge/lib/mono/unityjit'
Mono config path = 'D:/programs/Unity/2020.3.14f1/Editor/Data/MonoBleedingEdge/etc'
Using monoOptions --debugger-agent=transport=dt_socket,embedding=1,server=y,suspend=n,address=127.0.0.1:56872
Begin MonoManager ReloadAssembly
Registering precompiled unity dll's ...
Register platform support module: D:/programs/Unity/2020.3.14f1/Editor/Data/PlaybackEngines/WebGLSupport/UnityEditor.WebGL.Extensions.dll
Register platform support module: D:/programs/Unity/2020.3.14f1/Editor/Data/PlaybackEngines/MacStandaloneSupport/UnityEditor.OSXStandalone.Extensions.dll
Register platform support module: D:/programs/Unity/2020.3.14f1/Editor/Data/PlaybackEngines/WindowsStandaloneSupport/UnityEditor.WindowsStandalone.Extensions.dll
Registered in 0.001208 seconds.
Native extension for WindowsStandalone target not found
Native extension for OSXStandalone target not found
Native extension for WebGL target not found
Refreshing native plugins compatible for Editor in 48.00 ms, found 6 plugins.
Preloading 1 native plugins for Editor in 0.05 ms.
Mono: successfully reloaded assembly
- Completed reload, in  1.296 seconds
Domain Reload Profiling:
	ReloadAssembly (1296ms)
		BeginReloadAssembly (51ms)
			ExecutionOrderSort (0ms)
			DisableScriptedObjects (0ms)
			BackupInstance (0ms)
			ReleaseScriptingObjects (0ms)
			CreateAndSetChildDomain (2ms)
		EndReloadAssembly (371ms)
			LoadAssemblies (49ms)
			RebuildTransferFunctionScriptingTraits (0ms)
			SetupTypeCache (128ms)
			ReleaseScriptCaches (0ms)
			RebuildScriptCaches (27ms)
			SetupLoadedEditorAssemblies (151ms)
				LogAssemblyErrors (0ms)
				InitializePlatformSupportModulesInManaged (5ms)
				SetLoadedEditorAssemblies (0ms)
				RefreshPlugins (48ms)
				BeforeProcessingInitializeOnLoad (5ms)
				ProcessInitializeOnLoadAttributes (70ms)
				ProcessInitializeOnLoadMethodAttributes (23ms)
				AfterProcessingInitializeOnLoad (0ms)
				EditorAssembliesLoaded (0ms)
			ExecutionOrderSort2 (0ms)
			AwakeInstancesAfterBackupRestoration (0ms)
Platform modules already initialized, skipping
Registering precompiled user dll's ...
Registered in 0.003337 seconds.
Begin MonoManager ReloadAssembly
Native extension for WindowsStandalone target not found
Native extension for OSXStandalone target not found
Native extension for WebGL target not found
Refreshing native plugins compatible for Editor in 0.76 ms, found 6 plugins.
Preloading 1 native plugins for Editor in 0.04 ms.
[XR] OculusXRPlugin: registering subsystems
[XR] Unable to register display lifecyle provider: [1]
[XR] Oculus Input lifecycle provider registered.
[XR] Unable to register input lifecyle provider: [1]
[XR] OVRP version 1.61.0
Mono: successfully reloaded assembly
- Completed reload, in  1.018 seconds
Domain Reload Profiling:
	ReloadAssembly (1019ms)
		BeginReloadAssembly (129ms)
			ExecutionOrderSort (0ms)
			DisableScriptedObjects (5ms)
			BackupInstance (0ms)
			ReleaseScriptingObjects (0ms)
			CreateAndSetChildDomain (18ms)
		EndReloadAssembly (829ms)
			LoadAssemblies (75ms)
			RebuildTransferFunctionScriptingTraits (0ms)
			SetupTypeCache (278ms)
			ReleaseScriptCaches (0ms)
			RebuildScriptCaches (44ms)
			SetupLoadedEditorAssemblies (338ms)
				LogAssemblyErrors (0ms)
				InitializePlatformSupportModulesInManaged (5ms)
				SetLoadedEditorAssemblies (0ms)
				RefreshPlugins (1ms)
				BeforeProcessingInitializeOnLoad (57ms)
				ProcessInitializeOnLoadAttributes (260ms)
				ProcessInitializeOnLoadMethodAttributes (12ms)
				AfterProcessingInitializeOnLoad (2ms)
				EditorAssembliesLoaded (0ms)
			ExecutionOrderSort2 (0ms)
			AwakeInstancesAfterBackupRestoration (7ms)
Platform modules already initialized, skipping
========================================================================
Worker process is ready to serve import requests
Shader 'Oculus/OVRMRCameraFrameLit': fallback shader 'Alpha-Diffuse' not found
Launched and connected shader compiler UnityShaderCompiler.exe after 0.04 seconds
Refreshing native plugins compatible for Editor in 0.75 ms, found 6 plugins.
Preloading 1 native plugins for Editor in 0.04 ms.
Unloading 2043 Unused Serialized files (Serialized files now loaded: 0)
System memory in use before: 99.0 MB.
System memory in use after: 99.1 MB.

Unloading 44 unused Assets to reduce memory usage. Loaded Objects now: 2462.
Total: 1.994100 ms (FindLiveObjects: 0.215400 ms CreateObjectMapping: 0.044900 ms MarkObjects: 1.636700 ms  DeleteObjects: 0.096200 ms)

AssetImportParameters requested are different than current active one (requested -> active):
  custom:framework-win-MediaFoundation: 216162199b28c13a410421893ffa2e32 -> 
  custom:video-decoder-ogg-theora: a1e56fd34408186e4bbccfd4996cb3dc -> 
  custom:container-muxer-webm: aa71ff27fc2769a1b78a27578f13a17b -> 
  custom:container-demuxer-webm: 4f35f7cbe854078d1ac9338744f61a02 -> 
  custom:container-demuxer-ogg: 62fdf1f143b41e24485cea50d1cbac27 -> 
  custom:video-encoder-webm-vp8: eb34c28f22e8b96e1ab97ce403110664 -> 
  custom:video-decoder-webm-vp8: 9c59270c3fd7afecdb556c50c9e8de78 -> 
  custom:audio-decoder-ogg-vorbis: bf7c407c2cedff20999df2af8eb42d56 -> 
  custom:audio-encoder-webm-vorbis: bf7c407c2cedff20999df2af8eb42d56 -> 
========================================================================
Received Import Request.
  path: Assets/Materials/shadow/color.mat
  artifactKey: Guid(d6980e5678ecd6342bd110dc2fb8c69f) Importer(815301076,1909f56bfc062723c751e8b465ee728b)
Start importing Assets/Materials/shadow/color.mat using Guid(d6980e5678ecd6342bd110dc2fb8c69f) Importer(815301076,1909f56bfc062723c751e8b465ee728b)  -> (artifact id: 'f708a59e20bd2bc517385743b2a4a811') in 0.096801 seconds 
  Import took 0.100174 seconds .

========================================================================
Received Import Request.
  Time since last request: 41.865066 seconds.
  path: Assets/Scripts/far_near_cube.cs
  artifactKey: Guid(327cf806f387f484a94c556f2afd9b90) Importer(815301076,1909f56bfc062723c751e8b465ee728b)
Start importing Assets/Scripts/far_near_cube.cs using Guid(327cf806f387f484a94c556f2afd9b90) Importer(815301076,1909f56bfc062723c751e8b465ee728b)  -> (artifact id: 'a63b89bed5e6525d851dcd1c47beeeb2') in 0.016053 seconds 
  Import took 0.019246 seconds .

========================================================================
Received Import Request.
  Time since last request: 2.665718 seconds.
  path: Assets/Scripts/move_tile.cs
  artifactKey: Guid(6a2178f71577b4245889a1e24af8d737) Importer(815301076,1909f56bfc062723c751e8b465ee728b)
Start importing Assets/Scripts/move_tile.cs using Guid(6a2178f71577b4245889a1e24af8d737) Importer(815301076,1909f56bfc062723c751e8b465ee728b)  -> (artifact id: '7b536e2bc4fb512a705d032ef2fd371b') in 0.006063 seconds 
  Import took 0.009387 seconds .

========================================================================
Received Import Request.
  Time since last request: 337.764512 seconds.
  path: Assets/Materials/shadow/UnlitShadow.shader
  artifactKey: Guid(68615e25fb9ff3f4098b98307014f851) Importer(815301076,1909f56bfc062723c751e8b465ee728b)
Start importing Assets/Materials/shadow/UnlitShadow.shader using Guid(68615e25fb9ff3f4098b98307014f851) Importer(815301076,1909f56bfc062723c751e8b465ee728b)  -> (artifact id: '60951f3628e49f92d9db1e90239027e6') in 0.010843 seconds 
  Import took 0.014252 seconds .

========================================================================
Received Import Request.
  Time since last request: 257.402864 seconds.
  path: Assets/Materials/shadow/NewShaderVariants.shadervariants
  artifactKey: Guid(e4481c15cb449fb4c84f7368bd3701ca) Importer(815301076,1909f56bfc062723c751e8b465ee728b)
Start importing Assets/Materials/shadow/NewShaderVariants.shadervariants using Guid(e4481c15cb449fb4c84f7368bd3701ca) Importer(815301076,1909f56bfc062723c751e8b465ee728b)  -> (artifact id: 'db609936f7f58ecce01cb6091e0ada7a') in 0.006775 seconds 
  Import took 0.010515 seconds .

========================================================================
Received Import Request.
  Time since last request: 13.238953 seconds.
  path: Assets/Materials/shadow/test.shader
  artifactKey: Guid(b4bfb0479ca07944abf4628120326960) Importer(815301076,1909f56bfc062723c751e8b465ee728b)
Start importing Assets/Materials/shadow/test.shader using Guid(b4bfb0479ca07944abf4628120326960) Importer(815301076,1909f56bfc062723c751e8b465ee728b)  -> (artifact id: '7322360a780bcc786cdc1be9ee7b2402') in 0.006274 seconds 
  Import took 0.010262 seconds .

========================================================================
Received Import Request.
  Time since last request: 9.385267 seconds.
  path: Assets/Materials/shadow/unlit.mat
  artifactKey: Guid(5aa5d7c2312644a46a264eed08b2ae34) Importer(815301076,1909f56bfc062723c751e8b465ee728b)
Start importing Assets/Materials/shadow/unlit.mat using Guid(5aa5d7c2312644a46a264eed08b2ae34) Importer(815301076,1909f56bfc062723c751e8b465ee728b)  -> (artifact id: '0d525217537bc9e8fb358117a4c8a931') in 0.015636 seconds 
  Import took 0.019273 seconds .

========================================================================
Received Import Request.
  Time since last request: 78.386212 seconds.
  path: Assets/Materials/shadow/UnlitShadow.shader
  artifactKey: Guid(68615e25fb9ff3f4098b98307014f851) Importer(815301076,1909f56bfc062723c751e8b465ee728b)
Start importing Assets/Materials/shadow/UnlitShadow.shader using Guid(68615e25fb9ff3f4098b98307014f851) Importer(815301076,1909f56bfc062723c751e8b465ee728b)  -> (artifact id: '7c9d7c92a9bf39b8090c0ecd77642459') in 0.006124 seconds 
  Import took 0.009858 seconds .

========================================================================
Received Import Request.
  Time since last request: 41.554657 seconds.
  path: Assets/Materials/shadow/UnlitShadow.shader
  artifactKey: Guid(68615e25fb9ff3f4098b98307014f851) Importer(815301076,1909f56bfc062723c751e8b465ee728b)
Start importing Assets/Materials/shadow/UnlitShadow.shader using Guid(68615e25fb9ff3f4098b98307014f851) Importer(815301076,1909f56bfc062723c751e8b465ee728b)  -> (artifact id: '806d03f61b03bedc490b50f5b0963ab9') in 0.002885 seconds 
  Import took 0.006666 seconds .

========================================================================
Received Import Request.
  Time since last request: 165.385772 seconds.
  path: Assets/Materials/shadow/UnlitShadow.shader
  artifactKey: Guid(68615e25fb9ff3f4098b98307014f851) Importer(815301076,1909f56bfc062723c751e8b465ee728b)
Start importing Assets/Materials/shadow/UnlitShadow.shader using Guid(68615e25fb9ff3f4098b98307014f851) Importer(815301076,1909f56bfc062723c751e8b465ee728b)  -> (artifact id: 'a10991993971abeeccde0125c8ad48ce') in 0.002781 seconds 
  Import took 0.006661 seconds .

========================================================================
Received Import Request.
  Time since last request: 44.787033 seconds.
  path: Assets/Materials/shadow/UnlitShadow.shader
  artifactKey: Guid(68615e25fb9ff3f4098b98307014f851) Importer(815301076,1909f56bfc062723c751e8b465ee728b)
Start importing Assets/Materials/shadow/UnlitShadow.shader using Guid(68615e25fb9ff3f4098b98307014f851) Importer(815301076,1909f56bfc062723c751e8b465ee728b)  -> (artifact id: '7484a155282dc4223258564af3b3e7ef') in 0.002355 seconds 
  Import took 0.006339 seconds .

========================================================================
Received Import Request.
  Time since last request: 132.493994 seconds.
  path: Assets/Materials/shadow/UnlitShadow.shader
  artifactKey: Guid(68615e25fb9ff3f4098b98307014f851) Importer(815301076,1909f56bfc062723c751e8b465ee728b)
Start importing Assets/Materials/shadow/UnlitShadow.shader using Guid(68615e25fb9ff3f4098b98307014f851) Importer(815301076,1909f56bfc062723c751e8b465ee728b)  -> (artifact id: '280c3332acc4b8dd44370cd71e0db5b0') in 0.007756 seconds 
  Import took 0.012036 seconds .

========================================================================
Received Import Request.
  Time since last request: 19.522313 seconds.
  path: Assets/Materials/shadow/UnlitShadow.shader
  artifactKey: Guid(68615e25fb9ff3f4098b98307014f851) Importer(815301076,1909f56bfc062723c751e8b465ee728b)
Start importing Assets/Materials/shadow/UnlitShadow.shader using Guid(68615e25fb9ff3f4098b98307014f851) Importer(815301076,1909f56bfc062723c751e8b465ee728b)  -> (artifact id: '60e4895e11290e123c0d01b0310b978e') in 0.002414 seconds 
  Import took 0.006206 seconds .

========================================================================
Received Import Request.
  Time since last request: 53.883026 seconds.
  path: Assets/Materials/shadow/UnlitShadow.shader
  artifactKey: Guid(68615e25fb9ff3f4098b98307014f851) Importer(815301076,1909f56bfc062723c751e8b465ee728b)
Start importing Assets/Materials/shadow/UnlitShadow.shader using Guid(68615e25fb9ff3f4098b98307014f851) Importer(815301076,1909f56bfc062723c751e8b465ee728b)  -> (artifact id: '94ce782d973e2cd4c65b62aa3a346478') in 0.002461 seconds 
  Import took 0.006465 seconds .

========================================================================
Received Import Request.
  Time since last request: 8.872597 seconds.
  path: Assets/Materials/shadow/UnlitShadow.shader
  artifactKey: Guid(68615e25fb9ff3f4098b98307014f851) Importer(815301076,1909f56bfc062723c751e8b465ee728b)
Start importing Assets/Materials/shadow/UnlitShadow.shader using Guid(68615e25fb9ff3f4098b98307014f851) Importer(815301076,1909f56bfc062723c751e8b465ee728b)  -> (artifact id: '9c79dd98aba855ad296604666ad893d1') in 0.002356 seconds 
  Import took 0.006045 seconds .

========================================================================
Received Import Request.
  Time since last request: 77.958798 seconds.
  path: Assets/Resources/OVRBuildConfig.asset
  artifactKey: Guid(2a9deca2845111c4e89fe73d5f894587) Importer(815301076,1909f56bfc062723c751e8b465ee728b)
Start importing Assets/Resources/OVRBuildConfig.asset using Guid(2a9deca2845111c4e89fe73d5f894587) Importer(815301076,1909f56bfc062723c751e8b465ee728b)  -> (artifact id: 'c53089c4b112eacfb8b8eb85393a708e') in 0.008407 seconds 
  Import took 0.011573 seconds .

========================================================================
Received Import Request.
  Time since last request: 8.805846 seconds.
  path: Assets/XR/XRGeneralSettings.asset
  artifactKey: Guid(bb2196f2b5dea4e4aabf0394b3032106) Importer(815301076,1909f56bfc062723c751e8b465ee728b)
Start importing Assets/XR/XRGeneralSettings.asset using Guid(bb2196f2b5dea4e4aabf0394b3032106) Importer(815301076,1909f56bfc062723c751e8b465ee728b)  -> (artifact id: '3337acf036718a681b9ed84c44cfbfa0') in 0.011386 seconds 
  Import took 0.014930 seconds .

========================================================================
Received Import Request.
  Time since last request: 1.170798 seconds.
  path: Assets/XR/Settings
  artifactKey: Guid(4f6ad59c4901c4a43bcd0967686d063c) Importer(815301076,1909f56bfc062723c751e8b465ee728b)
Start importing Assets/XR/Settings using Guid(4f6ad59c4901c4a43bcd0967686d063c) Importer(815301076,1909f56bfc062723c751e8b465ee728b)  -> (artifact id: '0b1a3270a6af5ee147e959ffa6460cb0') in 0.005608 seconds 
  Import took 0.009230 seconds .

========================================================================
Received Import Request.
  Time since last request: 0.069212 seconds.
  path: Assets/XR/Settings/Oculus Settings.asset
  artifactKey: Guid(c161766b080032349bec0a1b9bf9a2c9) Importer(815301076,1909f56bfc062723c751e8b465ee728b)
Start importing Assets/XR/Settings/Oculus Settings.asset using Guid(c161766b080032349bec0a1b9bf9a2c9) Importer(815301076,1909f56bfc062723c751e8b465ee728b)  -> (artifact id: 'a740b82cdbfdf7509f5bebeaad3a91d6') in 0.005887 seconds 
  Import took 0.009160 seconds .

========================================================================
Received Import Request.
  Time since last request: 24.733304 seconds.
  path: Assets/Materials/shadow/UnlitShadow.shader
  artifactKey: Guid(68615e25fb9ff3f4098b98307014f851) Importer(815301076,1909f56bfc062723c751e8b465ee728b)
Start importing Assets/Materials/shadow/UnlitShadow.shader using Guid(68615e25fb9ff3f4098b98307014f851) Importer(815301076,1909f56bfc062723c751e8b465ee728b)  -> (artifact id: 'af066b6635de99f64a753748967b95d1') in 0.002290 seconds 
  Import took 0.005701 seconds .

========================================================================
Received Import Request.
  Time since last request: 31.924707 seconds.
  path: Assets/Materials/shadow/UnlitShadow.shader
  artifactKey: Guid(68615e25fb9ff3f4098b98307014f851) Importer(815301076,1909f56bfc062723c751e8b465ee728b)
Start importing Assets/Materials/shadow/UnlitShadow.shader using Guid(68615e25fb9ff3f4098b98307014f851) Importer(815301076,1909f56bfc062723c751e8b465ee728b)  -> (artifact id: '38bef47ddffa9e0d74e48ce85d05b187') in 0.002398 seconds 
  Import took 0.006366 seconds .

========================================================================
Received Import Request.
  Time since last request: 80.176481 seconds.
  path: Assets/Materials/shadow/UnlitShadow.shader
  artifactKey: Guid(68615e25fb9ff3f4098b98307014f851) Importer(815301076,1909f56bfc062723c751e8b465ee728b)
Start importing Assets/Materials/shadow/UnlitShadow.shader using Guid(68615e25fb9ff3f4098b98307014f851) Importer(815301076,1909f56bfc062723c751e8b465ee728b)  -> (artifact id: '916778a0e25212139fc2db4f12c879ec') in 0.002496 seconds 
  Import took 0.006223 seconds .

========================================================================
Received Import Request.
  Time since last request: 13.366141 seconds.
  path: Assets/Materials/shadow/UnlitShadow.shader
  artifactKey: Guid(68615e25fb9ff3f4098b98307014f851) Importer(815301076,1909f56bfc062723c751e8b465ee728b)
Start importing Assets/Materials/shadow/UnlitShadow.shader using Guid(68615e25fb9ff3f4098b98307014f851) Importer(815301076,1909f56bfc062723c751e8b465ee728b)  -> (artifact id: 'b472234e2da416da7bd83da8f5fa8d1d') in 0.003069 seconds 
  Import took 0.007494 seconds .

========================================================================
Received Import Request.
  Time since last request: 29.686301 seconds.
  path: Assets/Scripts/move_cube.cs
  artifactKey: Guid(9f4063d416ba26a4a86120c972fa69e3) Importer(815301076,1909f56bfc062723c751e8b465ee728b)
Start importing Assets/Scripts/move_cube.cs using Guid(9f4063d416ba26a4a86120c972fa69e3) Importer(815301076,1909f56bfc062723c751e8b465ee728b)  -> (artifact id: '2700fd367a9f47eb210ed86bb247c82e') in 0.005924 seconds 
  Import took 0.009806 seconds .

========================================================================
Received Prepare
Registering precompiled user dll's ...
Registered in 0.002965 seconds.
Begin MonoManager ReloadAssembly
Native extension for WindowsStandalone target not found
Native extension for OSXStandalone target not found
Native extension for WebGL target not found
Refreshing native plugins compatible for Editor in 0.83 ms, found 6 plugins.
Preloading 1 native plugins for Editor in 0.04 ms.
Mono: successfully reloaded assembly
- Completed reload, in  0.868 seconds
Domain Reload Profiling:
	ReloadAssembly (868ms)
		BeginReloadAssembly (92ms)
			ExecutionOrderSort (0ms)
			DisableScriptedObjects (3ms)
			BackupInstance (0ms)
			ReleaseScriptingObjects (0ms)
			CreateAndSetChildDomain (29ms)
		EndReloadAssembly (726ms)
			LoadAssemblies (70ms)
			RebuildTransferFunctionScriptingTraits (0ms)
			SetupTypeCache (268ms)
			ReleaseScriptCaches (1ms)
			RebuildScriptCaches (33ms)
			SetupLoadedEditorAssemblies (268ms)
				LogAssemblyErrors (0ms)
				InitializePlatformSupportModulesInManaged (5ms)
				SetLoadedEditorAssemblies (0ms)
				RefreshPlugins (1ms)
				BeforeProcessingInitializeOnLoad (39ms)
				ProcessInitializeOnLoadAttributes (215ms)
				ProcessInitializeOnLoadMethodAttributes (5ms)
				AfterProcessingInitializeOnLoad (2ms)
				EditorAssembliesLoaded (0ms)
			ExecutionOrderSort2 (0ms)
			AwakeInstancesAfterBackupRestoration (5ms)
Platform modules already initialized, skipping
Switching build target platform(19) subTarget(0) extendedPlatform(0) -> platform(13) subTarget(524294) extendedPlatform(0)
Shader 'Oculus/OVRMRCameraFrameLit': fallback shader 'Alpha-Diffuse' not found
Refreshing native plugins compatible for Editor in 0.74 ms, found 6 plugins.
Preloading 1 native plugins for Editor in 0.04 ms.
Unloading 1987 Unused Serialized files (Serialized files now loaded: 0)
System memory in use before: 96.8 MB.
System memory in use after: 96.9 MB.

Unloading 41 unused Assets to reduce memory usage. Loaded Objects now: 2507.
Total: 2.281200 ms (FindLiveObjects: 0.219800 ms CreateObjectMapping: 0.046200 ms MarkObjects: 1.920300 ms  DeleteObjects: 0.093700 ms)

AssetImportParameters requested are different than current active one (requested -> active):
  custom:framework-win-MediaFoundation: 216162199b28c13a410421893ffa2e32 -> 
  custom:video-decoder-ogg-theora: a1e56fd34408186e4bbccfd4996cb3dc -> 
  custom:container-muxer-webm: aa71ff27fc2769a1b78a27578f13a17b -> 
  custom:container-demuxer-webm: 4f35f7cbe854078d1ac9338744f61a02 -> 
  custom:container-demuxer-ogg: 62fdf1f143b41e24485cea50d1cbac27 -> 
  custom:video-encoder-webm-vp8: eb34c28f22e8b96e1ab97ce403110664 -> 
  custom:video-decoder-webm-vp8: 9c59270c3fd7afecdb556c50c9e8de78 -> 
  custom:graphics/normal-map-encoding: 01000000000000000000000000000000 -> 02000000000000000000000000000000
  custom:audio-decoder-ogg-vorbis: bf7c407c2cedff20999df2af8eb42d56 -> 
  custom:audio-encoder-webm-vorbis: bf7c407c2cedff20999df2af8eb42d56 -> 
========================================================================
Received Prepare
Registering precompiled user dll's ...
Registered in 0.004323 seconds.
Begin MonoManager ReloadAssembly
Native extension for WindowsStandalone target not found
Native extension for OSXStandalone target not found
Native extension for WebGL target not found
Refreshing native plugins compatible for Editor in 0.73 ms, found 6 plugins.
Preloading 1 native plugins for Editor in 0.03 ms.
Mono: successfully reloaded assembly
- Completed reload, in  0.814 seconds
Domain Reload Profiling:
	ReloadAssembly (815ms)
		BeginReloadAssembly (94ms)
			ExecutionOrderSort (0ms)
			DisableScriptedObjects (3ms)
			BackupInstance (0ms)
			ReleaseScriptingObjects (0ms)
			CreateAndSetChildDomain (27ms)
		EndReloadAssembly (672ms)
			LoadAssemblies (67ms)
			RebuildTransferFunctionScriptingTraits (0ms)
			SetupTypeCache (237ms)
			ReleaseScriptCaches (1ms)
			RebuildScriptCaches (32ms)
			SetupLoadedEditorAssemblies (252ms)
				LogAssemblyErrors (0ms)
				InitializePlatformSupportModulesInManaged (5ms)
				SetLoadedEditorAssemblies (0ms)
				RefreshPlugins (1ms)
				BeforeProcessingInitializeOnLoad (39ms)
				ProcessInitializeOnLoadAttributes (200ms)
				ProcessInitializeOnLoadMethodAttributes (5ms)
				AfterProcessingInitializeOnLoad (2ms)
				EditorAssembliesLoaded (0ms)
			ExecutionOrderSort2 (0ms)
			AwakeInstancesAfterBackupRestoration (5ms)
Platform modules already initialized, skipping
Switching build target platform(19) subTarget(0) extendedPlatform(0) -> platform(13) subTarget(524294) extendedPlatform(0)
Shader 'Oculus/OVRMRCameraFrameLit': fallback shader 'Alpha-Diffuse' not found
Refreshing native plugins compatible for Editor in 0.74 ms, found 6 plugins.
Preloading 1 native plugins for Editor in 0.04 ms.
Unloading 1987 Unused Serialized files (Serialized files now loaded: 0)
System memory in use before: 96.8 MB.
System memory in use after: 96.9 MB.

Unloading 41 unused Assets to reduce memory usage. Loaded Objects now: 2511.
Total: 2.066600 ms (FindLiveObjects: 0.210300 ms CreateObjectMapping: 0.053900 ms MarkObjects: 1.705200 ms  DeleteObjects: 0.096000 ms)

AssetImportParameters requested are different than current active one (requested -> active):
  custom:framework-win-MediaFoundation: 216162199b28c13a410421893ffa2e32 -> 
  custom:video-decoder-ogg-theora: a1e56fd34408186e4bbccfd4996cb3dc -> 
  custom:container-muxer-webm: aa71ff27fc2769a1b78a27578f13a17b -> 
  custom:container-demuxer-webm: 4f35f7cbe854078d1ac9338744f61a02 -> 
  custom:container-demuxer-ogg: 62fdf1f143b41e24485cea50d1cbac27 -> 
  custom:video-encoder-webm-vp8: eb34c28f22e8b96e1ab97ce403110664 -> 
  custom:video-decoder-webm-vp8: 9c59270c3fd7afecdb556c50c9e8de78 -> 
  custom:graphics/normal-map-encoding: 01000000000000000000000000000000 -> 02000000000000000000000000000000
  custom:audio-decoder-ogg-vorbis: bf7c407c2cedff20999df2af8eb42d56 -> 
  custom:audio-encoder-webm-vorbis: bf7c407c2cedff20999df2af8eb42d56 -> 
========================================================================
Received Prepare
Shader 'Oculus/OVRMRCameraFrameLit': fallback shader 'Alpha-Diffuse' not found
Refreshing native plugins compatible for Editor in 8.42 ms, found 6 plugins.
Preloading 1 native plugins for Editor in 0.04 ms.
Unloading 38 Unused Serialized files (Serialized files now loaded: 0)
System memory in use before: 59.2 MB.
System memory in use after: 59.2 MB.

Unloading 38 unused Assets to reduce memory usage. Loaded Objects now: 2511.
Total: 3.473000 ms (FindLiveObjects: 0.306700 ms CreateObjectMapping: 0.053900 ms MarkObjects: 2.917700 ms  DeleteObjects: 0.193800 ms)

AssetImportParameters requested are different than current active one (requested -> active):
  custom:framework-win-MediaFoundation: 216162199b28c13a410421893ffa2e32 -> 
  custom:video-decoder-ogg-theora: a1e56fd34408186e4bbccfd4996cb3dc -> 
  custom:container-muxer-webm: aa71ff27fc2769a1b78a27578f13a17b -> 
  custom:container-demuxer-webm: 4f35f7cbe854078d1ac9338744f61a02 -> 
  custom:container-demuxer-ogg: 62fdf1f143b41e24485cea50d1cbac27 -> 
  custom:video-encoder-webm-vp8: eb34c28f22e8b96e1ab97ce403110664 -> 
  custom:video-decoder-webm-vp8: 9c59270c3fd7afecdb556c50c9e8de78 -> 
  custom:audio-decoder-ogg-vorbis: bf7c407c2cedff20999df2af8eb42d56 -> 
  custom:audio-encoder-webm-vorbis: bf7c407c2cedff20999df2af8eb42d56 -> 
========================================================================
Received Import Request.
  Time since last request: 295.333924 seconds.
  path: Assets/Materials/shadow/unlit.mat
  artifactKey: Guid(5aa5d7c2312644a46a264eed08b2ae34) Importer(815301076,1909f56bfc062723c751e8b465ee728b)
Start importing Assets/Materials/shadow/unlit.mat using Guid(5aa5d7c2312644a46a264eed08b2ae34) Importer(815301076,1909f56bfc062723c751e8b465ee728b)  -> (artifact id: '9ffa950767ceacf4c2d7d402acbf387d') in 0.053734 seconds 
  Import took 0.057575 seconds .

========================================================================
Received Prepare
Registering precompiled user dll's ...
Registered in 0.003378 seconds.
Begin MonoManager ReloadAssembly
Native extension for WindowsStandalone target not found
Native extension for OSXStandalone target not found
Native extension for WebGL target not found
Refreshing native plugins compatible for Editor in 0.74 ms, found 6 plugins.
Preloading 1 native plugins for Editor in 0.03 ms.
Mono: successfully reloaded assembly
- Completed reload, in  0.832 seconds
Domain Reload Profiling:
	ReloadAssembly (832ms)
		BeginReloadAssembly (89ms)
			ExecutionOrderSort (0ms)
			DisableScriptedObjects (4ms)
			BackupInstance (0ms)
			ReleaseScriptingObjects (0ms)
			CreateAndSetChildDomain (30ms)
		EndReloadAssembly (694ms)
			LoadAssemblies (67ms)
			RebuildTransferFunctionScriptingTraits (0ms)
			SetupTypeCache (240ms)
			ReleaseScriptCaches (1ms)
			RebuildScriptCaches (33ms)
			SetupLoadedEditorAssemblies (263ms)
				LogAssemblyErrors (0ms)
				InitializePlatformSupportModulesInManaged (5ms)
				SetLoadedEditorAssemblies (0ms)
				RefreshPlugins (1ms)
				BeforeProcessingInitializeOnLoad (40ms)
				ProcessInitializeOnLoadAttributes (209ms)
				ProcessInitializeOnLoadMethodAttributes (7ms)
				AfterProcessingInitializeOnLoad (2ms)
				EditorAssembliesLoaded (0ms)
			ExecutionOrderSort2 (0ms)
			AwakeInstancesAfterBackupRestoration (5ms)
Platform modules already initialized, skipping
Switching build target platform(19) subTarget(0) extendedPlatform(0) -> platform(13) subTarget(524294) extendedPlatform(0)
Shader 'Oculus/OVRMRCameraFrameLit': fallback shader 'Alpha-Diffuse' not found
Refreshing native plugins compatible for Editor in 0.84 ms, found 6 plugins.
Preloading 1 native plugins for Editor in 0.04 ms.
Unloading 1987 Unused Serialized files (Serialized files now loaded: 0)
System memory in use before: 96.9 MB.
System memory in use after: 97.0 MB.

Unloading 40 unused Assets to reduce memory usage. Loaded Objects now: 2517.
Total: 2.443200 ms (FindLiveObjects: 0.206300 ms CreateObjectMapping: 0.054200 ms MarkObjects: 2.099200 ms  DeleteObjects: 0.082400 ms)

AssetImportParameters requested are different than current active one (requested -> active):
  custom:framework-win-MediaFoundation: 216162199b28c13a410421893ffa2e32 -> 
  custom:video-decoder-ogg-theora: a1e56fd34408186e4bbccfd4996cb3dc -> 
  custom:container-muxer-webm: aa71ff27fc2769a1b78a27578f13a17b -> 
  custom:container-demuxer-webm: 4f35f7cbe854078d1ac9338744f61a02 -> 
  custom:container-demuxer-ogg: 62fdf1f143b41e24485cea50d1cbac27 -> 
  custom:video-encoder-webm-vp8: eb34c28f22e8b96e1ab97ce403110664 -> 
  custom:video-decoder-webm-vp8: 9c59270c3fd7afecdb556c50c9e8de78 -> 
  custom:graphics/normal-map-encoding: 01000000000000000000000000000000 -> 02000000000000000000000000000000
  custom:audio-decoder-ogg-vorbis: bf7c407c2cedff20999df2af8eb42d56 -> 
  custom:audio-encoder-webm-vorbis: bf7c407c2cedff20999df2af8eb42d56 -> 
========================================================================
Received Prepare
Shader 'Oculus/OVRMRCameraFrameLit': fallback shader 'Alpha-Diffuse' not found
Refreshing native plugins compatible for Editor in 8.05 ms, found 6 plugins.
Preloading 1 native plugins for Editor in 0.04 ms.
Unloading 37 Unused Serialized files (Serialized files now loaded: 0)
System memory in use before: 59.1 MB.
System memory in use after: 59.2 MB.

Unloading 37 unused Assets to reduce memory usage. Loaded Objects now: 2517.
Total: 2.228200 ms (FindLiveObjects: 0.237900 ms CreateObjectMapping: 0.047000 ms MarkObjects: 1.850000 ms  DeleteObjects: 0.092300 ms)

AssetImportParameters requested are different than current active one (requested -> active):
  custom:framework-win-MediaFoundation: 216162199b28c13a410421893ffa2e32 -> 
  custom:video-decoder-ogg-theora: a1e56fd34408186e4bbccfd4996cb3dc -> 
  custom:container-muxer-webm: aa71ff27fc2769a1b78a27578f13a17b -> 
  custom:container-demuxer-webm: 4f35f7cbe854078d1ac9338744f61a02 -> 
  custom:container-demuxer-ogg: 62fdf1f143b41e24485cea50d1cbac27 -> 
  custom:video-encoder-webm-vp8: eb34c28f22e8b96e1ab97ce403110664 -> 
  custom:video-decoder-webm-vp8: 9c59270c3fd7afecdb556c50c9e8de78 -> 
  custom:audio-decoder-ogg-vorbis: bf7c407c2cedff20999df2af8eb42d56 -> 
  custom:audio-encoder-webm-vorbis: bf7c407c2cedff20999df2af8eb42d56 -> 
========================================================================
Received Prepare
Registering precompiled user dll's ...
Registered in 0.004671 seconds.
Begin MonoManager ReloadAssembly
Native extension for WindowsStandalone target not found
Native extension for OSXStandalone target not found
Native extension for WebGL target not found
Refreshing native plugins compatible for Editor in 0.75 ms, found 6 plugins.
Preloading 1 native plugins for Editor in 0.04 ms.
Mono: successfully reloaded assembly
- Completed reload, in  0.829 seconds
Domain Reload Profiling:
	ReloadAssembly (829ms)
		BeginReloadAssembly (95ms)
			ExecutionOrderSort (0ms)
			DisableScriptedObjects (4ms)
			BackupInstance (0ms)
			ReleaseScriptingObjects (0ms)
			CreateAndSetChildDomain (29ms)
		EndReloadAssembly (684ms)
			LoadAssemblies (69ms)
			RebuildTransferFunctionScriptingTraits (0ms)
			SetupTypeCache (236ms)
			ReleaseScriptCaches (1ms)
			RebuildScriptCaches (33ms)
			SetupLoadedEditorAssemblies (258ms)
				LogAssemblyErrors (0ms)
				InitializePlatformSupportModulesInManaged (5ms)
				SetLoadedEditorAssemblies (0ms)
				RefreshPlugins (1ms)
				BeforeProcessingInitializeOnLoad (38ms)
				ProcessInitializeOnLoadAttributes (207ms)
				ProcessInitializeOnLoadMethodAttributes (5ms)
				AfterProcessingInitializeOnLoad (2ms)
				EditorAssembliesLoaded (0ms)
			ExecutionOrderSort2 (0ms)
			AwakeInstancesAfterBackupRestoration (6ms)
Platform modules already initialized, skipping
Switching build target platform(19) subTarget(0) extendedPlatform(0) -> platform(13) subTarget(524294) extendedPlatform(0)
Shader 'Oculus/OVRMRCameraFrameLit': fallback shader 'Alpha-Diffuse' not found
Refreshing native plugins compatible for Editor in 0.73 ms, found 6 plugins.
Preloading 1 native plugins for Editor in 0.04 ms.
Unloading 1986 Unused Serialized files (Serialized files now loaded: 0)
System memory in use before: 96.8 MB.
System memory in use after: 96.9 MB.

Unloading 40 unused Assets to reduce memory usage. Loaded Objects now: 2521.
Total: 2.077300 ms (FindLiveObjects: 0.196800 ms CreateObjectMapping: 0.044700 ms MarkObjects: 1.755300 ms  DeleteObjects: 0.079600 ms)

AssetImportParameters requested are different than current active one (requested -> active):
  custom:framework-win-MediaFoundation: 216162199b28c13a410421893ffa2e32 -> 
  custom:video-decoder-ogg-theora: a1e56fd34408186e4bbccfd4996cb3dc -> 
  custom:container-muxer-webm: aa71ff27fc2769a1b78a27578f13a17b -> 
  custom:container-demuxer-webm: 4f35f7cbe854078d1ac9338744f61a02 -> 
  custom:container-demuxer-ogg: 62fdf1f143b41e24485cea50d1cbac27 -> 
  custom:video-encoder-webm-vp8: eb34c28f22e8b96e1ab97ce403110664 -> 
  custom:video-decoder-webm-vp8: 9c59270c3fd7afecdb556c50c9e8de78 -> 
  custom:graphics/normal-map-encoding: 01000000000000000000000000000000 -> 02000000000000000000000000000000
  custom:audio-decoder-ogg-vorbis: bf7c407c2cedff20999df2af8eb42d56 -> 
  custom:audio-encoder-webm-vorbis: bf7c407c2cedff20999df2af8eb42d56 -> 
========================================================================
Received Prepare
Shader 'Oculus/OVRMRCameraFrameLit': fallback shader 'Alpha-Diffuse' not found
Refreshing native plugins compatible for Editor in 5.85 ms, found 6 plugins.
Preloading 1 native plugins for Editor in 0.03 ms.
Unloading 37 Unused Serialized files (Serialized files now loaded: 0)
System memory in use before: 59.2 MB.
System memory in use after: 59.2 MB.

Unloading 37 unused Assets to reduce memory usage. Loaded Objects now: 2521.
Total: 2.124200 ms (FindLiveObjects: 0.211400 ms CreateObjectMapping: 0.042200 ms MarkObjects: 1.775400 ms  DeleteObjects: 0.094500 ms)

AssetImportParameters requested are different than current active one (requested -> active):
  custom:framework-win-MediaFoundation: 216162199b28c13a410421893ffa2e32 -> 
  custom:video-decoder-ogg-theora: a1e56fd34408186e4bbccfd4996cb3dc -> 
  custom:container-muxer-webm: aa71ff27fc2769a1b78a27578f13a17b -> 
  custom:container-demuxer-webm: 4f35f7cbe854078d1ac9338744f61a02 -> 
  custom:container-demuxer-ogg: 62fdf1f143b41e24485cea50d1cbac27 -> 
  custom:video-encoder-webm-vp8: eb34c28f22e8b96e1ab97ce403110664 -> 
  custom:video-decoder-webm-vp8: 9c59270c3fd7afecdb556c50c9e8de78 -> 
  custom:audio-decoder-ogg-vorbis: bf7c407c2cedff20999df2af8eb42d56 -> 
  custom:audio-encoder-webm-vorbis: bf7c407c2cedff20999df2af8eb42d56 -> 
========================================================================
Received Import Request.
  Time since last request: 426.984670 seconds.
  path: Assets/Scripts/move_cube.cs
  artifactKey: Guid(9f4063d416ba26a4a86120c972fa69e3) Importer(815301076,1909f56bfc062723c751e8b465ee728b)
Start importing Assets/Scripts/move_cube.cs using Guid(9f4063d416ba26a4a86120c972fa69e3) Importer(815301076,1909f56bfc062723c751e8b465ee728b)  -> (artifact id: 'bf9cb01897e4ec065d34aa2fc9b79a69') in 0.002551 seconds 
  Import took 0.005967 seconds .

========================================================================
Received Prepare
Registering precompiled user dll's ...
Registered in 0.003931 seconds.
Begin MonoManager ReloadAssembly
Native extension for WindowsStandalone target not found
Native extension for OSXStandalone target not found
Native extension for WebGL target not found
Refreshing native plugins compatible for Editor in 0.79 ms, found 6 plugins.
Preloading 1 native plugins for Editor in 0.03 ms.
Mono: successfully reloaded assembly
- Completed reload, in  0.821 seconds
Domain Reload Profiling:
	ReloadAssembly (821ms)
		BeginReloadAssembly (88ms)
			ExecutionOrderSort (0ms)
			DisableScriptedObjects (4ms)
			BackupInstance (0ms)
			ReleaseScriptingObjects (0ms)
			CreateAndSetChildDomain (27ms)
		EndReloadAssembly (684ms)
			LoadAssemblies (67ms)
			RebuildTransferFunctionScriptingTraits (0ms)
			SetupTypeCache (234ms)
			ReleaseScriptCaches (1ms)
			RebuildScriptCaches (35ms)
			SetupLoadedEditorAssemblies (256ms)
				LogAssemblyErrors (0ms)
				InitializePlatformSupportModulesInManaged (5ms)
				SetLoadedEditorAssemblies (0ms)
				RefreshPlugins (1ms)
				BeforeProcessingInitializeOnLoad (41ms)
				ProcessInitializeOnLoadAttributes (202ms)
				ProcessInitializeOnLoadMethodAttributes (5ms)
				AfterProcessingInitializeOnLoad (2ms)
				EditorAssembliesLoaded (0ms)
			ExecutionOrderSort2 (0ms)
			AwakeInstancesAfterBackupRestoration (5ms)
Platform modules already initialized, skipping
Switching build target platform(19) subTarget(0) extendedPlatform(0) -> platform(13) subTarget(524294) extendedPlatform(0)
Shader 'Oculus/OVRMRCameraFrameLit': fallback shader 'Alpha-Diffuse' not found
Refreshing native plugins compatible for Editor in 0.76 ms, found 6 plugins.
Preloading 1 native plugins for Editor in 0.04 ms.
Unloading 1986 Unused Serialized files (Serialized files now loaded: 0)
System memory in use before: 96.8 MB.
System memory in use after: 96.9 MB.

Unloading 40 unused Assets to reduce memory usage. Loaded Objects now: 2525.
Total: 2.110200 ms (FindLiveObjects: 0.195900 ms CreateObjectMapping: 0.045800 ms MarkObjects: 1.789400 ms  DeleteObjects: 0.078200 ms)

AssetImportParameters requested are different than current active one (requested -> active):
  custom:framework-win-MediaFoundation: 216162199b28c13a410421893ffa2e32 -> 
  custom:video-decoder-ogg-theora: a1e56fd34408186e4bbccfd4996cb3dc -> 
  custom:container-muxer-webm: aa71ff27fc2769a1b78a27578f13a17b -> 
  custom:container-demuxer-webm: 4f35f7cbe854078d1ac9338744f61a02 -> 
  custom:container-demuxer-ogg: 62fdf1f143b41e24485cea50d1cbac27 -> 
  custom:video-encoder-webm-vp8: eb34c28f22e8b96e1ab97ce403110664 -> 
  custom:video-decoder-webm-vp8: 9c59270c3fd7afecdb556c50c9e8de78 -> 
  custom:graphics/normal-map-encoding: 01000000000000000000000000000000 -> 02000000000000000000000000000000
  custom:audio-decoder-ogg-vorbis: bf7c407c2cedff20999df2af8eb42d56 -> 
  custom:audio-encoder-webm-vorbis: bf7c407c2cedff20999df2af8eb42d56 -> 
========================================================================
Received Import Request.
  Time since last request: 12.662242 seconds.
  path: Assets/Scripts/move_cube.cs
  artifactKey: Guid(9f4063d416ba26a4a86120c972fa69e3) Importer(815301076,1909f56bfc062723c751e8b465ee728b)
Start importing Assets/Scripts/move_cube.cs using Guid(9f4063d416ba26a4a86120c972fa69e3) Importer(815301076,1909f56bfc062723c751e8b465ee728b)  -> (artifact id: '1eaf21edfed773d07e67952ce356f89b') in 0.004189 seconds 
  Import took 0.007250 seconds .

========================================================================
Received Prepare
Shader 'Oculus/OVRMRCameraFrameLit': fallback shader 'Alpha-Diffuse' not found
Refreshing native plugins compatible for Editor in 6.00 ms, found 6 plugins.
Preloading 1 native plugins for Editor in 0.03 ms.
Unloading 37 Unused Serialized files (Serialized files now loaded: 0)
System memory in use before: 59.2 MB.
System memory in use after: 59.2 MB.

Unloading 37 unused Assets to reduce memory usage. Loaded Objects now: 2525.
Total: 2.338200 ms (FindLiveObjects: 0.204000 ms CreateObjectMapping: 0.045200 ms MarkObjects: 2.007500 ms  DeleteObjects: 0.080600 ms)

AssetImportParameters requested are different than current active one (requested -> active):
  custom:framework-win-MediaFoundation: 216162199b28c13a410421893ffa2e32 -> 
  custom:video-decoder-ogg-theora: a1e56fd34408186e4bbccfd4996cb3dc -> 
  custom:container-muxer-webm: aa71ff27fc2769a1b78a27578f13a17b -> 
  custom:container-demuxer-webm: 4f35f7cbe854078d1ac9338744f61a02 -> 
  custom:container-demuxer-ogg: 62fdf1f143b41e24485cea50d1cbac27 -> 
  custom:video-encoder-webm-vp8: eb34c28f22e8b96e1ab97ce403110664 -> 
  custom:video-decoder-webm-vp8: 9c59270c3fd7afecdb556c50c9e8de78 -> 
  custom:audio-decoder-ogg-vorbis: bf7c407c2cedff20999df2af8eb42d56 -> 
  custom:audio-encoder-webm-vorbis: bf7c407c2cedff20999df2af8eb42d56 -> 
AssetImportWorkerClient::OnTransportError - code=2 error=End of file
